----------

Thu Aug 20 2020 22:04:07 GMT+0300 (Arabian Standard Time)

To https://github.com/amer266030/amer266030.github.io
   4732244..ac2309c  master -> master


----------

Fri Aug 21 2020 21:59:08 GMT+0300 (Arabian Standard Time)

To https://github.com/amer266030/amer266030.github.io
   a8ecb74..541fbfc  master -> master


----------

Sun Aug 23 2020 20:14:48 GMT+0300 (Arabian Standard Time)

To https://github.com/amer266030/amer266030.github.io
   541fbfc..93b0518  master -> master


----------

Tue Sep 01 2020 11:15:02 GMT+0300 (Arabian Standard Time)

To https://github.com/amer266030/amer266030.github.io
   93b0518..3e3a175  master -> master


----------

Sat Sep 19 2020 19:33:01 GMT+0300 (Arabian Standard Time)

To https://github.com/amer266030/amer266030.github.io
   3e3a175..5e00fe8  master -> master


----------

Fri Sep 25 2020 20:40:17 GMT+0300 (Arabian Standard Time)

To https://github.com/amer266030/amer266030.github.io
   5e00fe8..2901972  master -> master


----------

Fri Sep 25 2020 20:42:17 GMT+0300 (Arabian Standard Time)

To https://github.com/amer266030/amer266030.github.io
   2901972..1442ae5  master -> master


----------

Fri Sep 25 2020 21:01:02 GMT+0300 (Arabian Standard Time)

error: RPC failed; curl 56 LibreSSL SSL_read: SSL_ERROR_SYSCALL, errno 60


----------

Fri Sep 25 2020 21:01:02 GMT+0300 (Arabian Standard Time)

fatal: the remote end hung up unexpectedly


----------

Fri Sep 25 2020 21:01:02 GMT+0300 (Arabian Standard Time)

fatal: the remote end hung up unexpectedly


----------

Fri Sep 25 2020 21:01:02 GMT+0300 (Arabian Standard Time)

Everything up-to-date


----------

Fri Sep 25 2020 21:34:58 GMT+0300 (Arabian Standard Time)

To https://github.com/amer266030/amer266030.github.io
   1442ae5..3c051e3  master -> master


----------

Mon May 31 2021 11:00:25 GMT+0300 (Arabian Standard Time)

To https://github.com/amer266030/amer266030.github.io
   3c051e3..739b6bf  master -> master


